2020-07-05 19:44:08.102  INFO 93129 --- [main] com.itranswarp.learnjava.Application     : Starting Application on huhongyundeMacBook-Pro-2.local with PID 93129 (/Users/huhongyun/PycharmProjects/KongFuOfArchitect/part3/java/liaoxuefengJavaTutorial/springBootDev/springboot-hello/target/classes started by huhongyun in /Users/huhongyun/PycharmProjects/KongFuOfArchitect/part3/java/liaoxuefengJavaTutorial/springBootDev/springboot-hello)
2020-07-05 19:44:08.105  INFO 93129 --- [main] com.itranswarp.learnjava.Application     : No active profile set, falling back to default profiles: default
2020-07-05 19:44:08.996  INFO 93129 --- [main] o.s.b.w.embedded.tomcat.TomcatWebServer  : Tomcat initialized with port(s): 8080 (http)
2020-07-05 19:44:09.003  INFO 93129 --- [main] o.apache.catalina.core.StandardService   : Starting service [Tomcat]
2020-07-05 19:44:09.003  INFO 93129 --- [main] org.apache.catalina.core.StandardEngine  : Starting Servlet engine: [Apache Tomcat/9.0.35]
2020-07-05 19:44:09.133  INFO 93129 --- [main] o.a.c.c.C.[Tomcat].[localhost].[/]       : Initializing Spring embedded WebApplicationContext
2020-07-05 19:44:09.133  INFO 93129 --- [main] o.s.web.context.ContextLoader            : Root WebApplicationContext: initialization completed in 985 ms
2020-07-05 19:44:09.247  INFO 93129 --- [main] o.s.s.concurrent.ThreadPoolTaskExecutor  : Initializing ExecutorService 'applicationTaskExecutor'
2020-07-05 19:44:09.452  INFO 93129 --- [main] o.s.b.w.embedded.tomcat.TomcatWebServer  : Tomcat started on port(s): 8080 (http) with context path ''
2020-07-05 19:44:09.461  INFO 93129 --- [main] com.itranswarp.learnjava.Application     : Started Application in 1.762 seconds (JVM running for 2.575)
2020-07-05 19:45:14.131  INFO 93129 --- [http-nio-8080-exec-1] o.a.c.c.C.[Tomcat].[localhost].[/]       : Initializing Spring DispatcherServlet 'dispatcherServlet'
2020-07-05 19:45:14.131  INFO 93129 --- [http-nio-8080-exec-1] o.s.web.servlet.DispatcherServlet        : Initializing Servlet 'dispatcherServlet'
2020-07-05 19:45:14.135  INFO 93129 --- [http-nio-8080-exec-1] o.s.web.servlet.DispatcherServlet        : Completed initialization in 4 ms
2020-07-05 19:50:02.131  INFO 93129 --- [SpringContextShutdownHook] o.s.s.concurrent.ThreadPoolTaskExecutor  : Shutting down ExecutorService 'applicationTaskExecutor'
2020-07-05 19:50:07.366  INFO 93568 --- [restartedMain] com.itranswarp.learnjava.Application     : Starting Application on huhongyundeMacBook-Pro-2.local with PID 93568 (/Users/huhongyun/PycharmProjects/KongFuOfArchitect/part3/java/liaoxuefengJavaTutorial/springBootDev/springboot-hello/target/classes started by huhongyun in /Users/huhongyun/PycharmProjects/KongFuOfArchitect/part3/java/liaoxuefengJavaTutorial/springBootDev/springboot-hello)
2020-07-05 19:50:07.367  INFO 93568 --- [restartedMain] com.itranswarp.learnjava.Application     : No active profile set, falling back to default profiles: default
2020-07-05 19:50:07.392  INFO 93568 --- [restartedMain] .e.DevToolsPropertyDefaultsPostProcessor : Devtools property defaults active! Set 'spring.devtools.add-properties' to 'false' to disable
2020-07-05 19:50:07.392  INFO 93568 --- [restartedMain] .e.DevToolsPropertyDefaultsPostProcessor : For additional web related logging consider setting the 'logging.level.web' property to 'DEBUG'
2020-07-05 19:50:08.036  INFO 93568 --- [restartedMain] o.s.b.w.embedded.tomcat.TomcatWebServer  : Tomcat initialized with port(s): 8080 (http)
2020-07-05 19:50:08.042  INFO 93568 --- [restartedMain] o.apache.catalina.core.StandardService   : Starting service [Tomcat]
2020-07-05 19:50:08.043  INFO 93568 --- [restartedMain] org.apache.catalina.core.StandardEngine  : Starting Servlet engine: [Apache Tomcat/9.0.35]
2020-07-05 19:50:08.214  INFO 93568 --- [restartedMain] o.a.c.c.C.[Tomcat].[localhost].[/]       : Initializing Spring embedded WebApplicationContext
2020-07-05 19:50:08.214  INFO 93568 --- [restartedMain] o.s.web.context.ContextLoader            : Root WebApplicationContext: initialization completed in 822 ms
2020-07-05 19:50:08.331  INFO 93568 --- [restartedMain] o.s.s.concurrent.ThreadPoolTaskExecutor  : Initializing ExecutorService 'applicationTaskExecutor'
2020-07-05 19:50:08.510  INFO 93568 --- [restartedMain] o.s.b.d.a.OptionalLiveReloadServer       : LiveReload server is running on port 35729
2020-07-05 19:50:08.538  INFO 93568 --- [restartedMain] o.s.b.w.embedded.tomcat.TomcatWebServer  : Tomcat started on port(s): 8080 (http) with context path ''
2020-07-05 19:50:08.547  INFO 93568 --- [restartedMain] com.itranswarp.learnjava.Application     : Started Application in 1.42 seconds (JVM running for 2.002)
2020-07-05 19:51:31.817  INFO 93568 --- [SpringContextShutdownHook] o.s.s.concurrent.ThreadPoolTaskExecutor  : Shutting down ExecutorService 'applicationTaskExecutor'
2020-07-05 19:51:42.010  INFO 93708 --- [restartedMain] com.itranswarp.learnjava.Application     : Starting Application on huhongyundeMacBook-Pro-2.local with PID 93708 (/Users/huhongyun/PycharmProjects/KongFuOfArchitect/part3/java/liaoxuefengJavaTutorial/springBootDev/springboot-hello/target/classes started by huhongyun in /Users/huhongyun/PycharmProjects/KongFuOfArchitect/part3/java/liaoxuefengJavaTutorial/springBootDev/springboot-hello)
2020-07-05 19:51:42.013  INFO 93708 --- [restartedMain] com.itranswarp.learnjava.Application     : No active profile set, falling back to default profiles: default
2020-07-05 19:51:42.047  INFO 93708 --- [restartedMain] .e.DevToolsPropertyDefaultsPostProcessor : Devtools property defaults active! Set 'spring.devtools.add-properties' to 'false' to disable
2020-07-05 19:51:42.048  INFO 93708 --- [restartedMain] .e.DevToolsPropertyDefaultsPostProcessor : For additional web related logging consider setting the 'logging.level.web' property to 'DEBUG'
2020-07-05 19:51:42.771  INFO 93708 --- [restartedMain] o.s.b.w.embedded.tomcat.TomcatWebServer  : Tomcat initialized with port(s): 8080 (http)
2020-07-05 19:51:42.777  INFO 93708 --- [restartedMain] o.apache.catalina.core.StandardService   : Starting service [Tomcat]
2020-07-05 19:51:42.777  INFO 93708 --- [restartedMain] org.apache.catalina.core.StandardEngine  : Starting Servlet engine: [Apache Tomcat/9.0.35]
2020-07-05 19:51:42.982  INFO 93708 --- [restartedMain] o.a.c.c.C.[Tomcat].[localhost].[/]       : Initializing Spring embedded WebApplicationContext
2020-07-05 19:51:42.982  INFO 93708 --- [restartedMain] o.s.web.context.ContextLoader            : Root WebApplicationContext: initialization completed in 934 ms
2020-07-05 19:51:43.099  INFO 93708 --- [restartedMain] o.s.s.concurrent.ThreadPoolTaskExecutor  : Initializing ExecutorService 'applicationTaskExecutor'
2020-07-05 19:51:43.271  INFO 93708 --- [restartedMain] o.s.b.d.a.OptionalLiveReloadServer       : LiveReload server is running on port 35729
2020-07-05 19:51:43.297  INFO 93708 --- [restartedMain] o.s.b.w.embedded.tomcat.TomcatWebServer  : Tomcat started on port(s): 8080 (http) with context path ''
2020-07-05 19:51:43.307  INFO 93708 --- [restartedMain] com.itranswarp.learnjava.Application     : Started Application in 1.595 seconds (JVM running for 2.852)
2020-07-05 20:23:38.850  INFO 93708 --- [SpringContextShutdownHook] o.s.s.concurrent.ThreadPoolTaskExecutor  : Shutting down ExecutorService 'applicationTaskExecutor'
2020-07-05 20:29:05.471  INFO 96678 --- [restartedMain] com.itranswarp.learnjava.Application     : Starting Application on huhongyundeMacBook-Pro-2.local with PID 96678 (/Users/huhongyun/PycharmProjects/KongFuOfArchitect/part3/java/liaoxuefengJavaTutorial/springBootDev/springboot-hello/target/classes started by huhongyun in /Users/huhongyun/PycharmProjects/KongFuOfArchitect/part3/java/liaoxuefengJavaTutorial/springBootDev/springboot-hello)
2020-07-05 20:29:05.472  INFO 96678 --- [restartedMain] com.itranswarp.learnjava.Application     : No active profile set, falling back to default profiles: default
2020-07-05 20:29:05.496  INFO 96678 --- [restartedMain] .e.DevToolsPropertyDefaultsPostProcessor : Devtools property defaults active! Set 'spring.devtools.add-properties' to 'false' to disable
2020-07-05 20:29:05.496  INFO 96678 --- [restartedMain] .e.DevToolsPropertyDefaultsPostProcessor : For additional web related logging consider setting the 'logging.level.web' property to 'DEBUG'
2020-07-05 20:29:06.117  INFO 96678 --- [restartedMain] o.s.b.w.embedded.tomcat.TomcatWebServer  : Tomcat initialized with port(s): 8080 (http)
2020-07-05 20:29:06.123  INFO 96678 --- [restartedMain] o.apache.catalina.core.StandardService   : Starting service [Tomcat]
2020-07-05 20:29:06.124  INFO 96678 --- [restartedMain] org.apache.catalina.core.StandardEngine  : Starting Servlet engine: [Apache Tomcat/9.0.35]
2020-07-05 20:29:06.261  INFO 96678 --- [restartedMain] o.a.c.c.C.[Tomcat].[localhost].[/]       : Initializing Spring embedded WebApplicationContext
2020-07-05 20:29:06.261  INFO 96678 --- [restartedMain] o.s.web.context.ContextLoader            : Root WebApplicationContext: initialization completed in 765 ms
2020-07-05 20:29:06.402  INFO 96678 --- [restartedMain] o.s.s.concurrent.ThreadPoolTaskExecutor  : Initializing ExecutorService 'applicationTaskExecutor'
2020-07-05 20:29:06.639  INFO 96678 --- [restartedMain] o.s.b.d.a.OptionalLiveReloadServer       : LiveReload server is running on port 35729
2020-07-05 20:29:06.673  INFO 96678 --- [restartedMain] o.s.b.w.embedded.tomcat.TomcatWebServer  : Tomcat started on port(s): 8080 (http) with context path ''
2020-07-05 20:29:06.685  INFO 96678 --- [restartedMain] com.itranswarp.learnjava.Application     : Started Application in 1.465 seconds (JVM running for 2.081)
2020-07-05 20:29:34.228  INFO 96678 --- [Thread-157] o.s.s.concurrent.ThreadPoolTaskExecutor  : Shutting down ExecutorService 'applicationTaskExecutor'
2020-07-05 20:29:34.290  INFO 96678 --- [restartedMain] com.itranswarp.learnjava.Application     : Starting Application on huhongyundeMacBook-Pro-2.local with PID 96678 (/Users/huhongyun/PycharmProjects/KongFuOfArchitect/part3/java/liaoxuefengJavaTutorial/springBootDev/springboot-hello/target/classes started by huhongyun in /Users/huhongyun/PycharmProjects/KongFuOfArchitect/part3/java/liaoxuefengJavaTutorial/springBootDev/springboot-hello)
2020-07-05 20:29:34.291  INFO 96678 --- [restartedMain] com.itranswarp.learnjava.Application     : No active profile set, falling back to default profiles: default
2020-07-05 20:29:34.569  INFO 96678 --- [restartedMain] o.s.b.w.embedded.tomcat.TomcatWebServer  : Tomcat initialized with port(s): 8080 (http)
2020-07-05 20:29:34.571  INFO 96678 --- [restartedMain] o.apache.catalina.core.StandardService   : Starting service [Tomcat]
2020-07-05 20:29:34.571  INFO 96678 --- [restartedMain] org.apache.catalina.core.StandardEngine  : Starting Servlet engine: [Apache Tomcat/9.0.35]
2020-07-05 20:29:34.587  INFO 96678 --- [restartedMain] o.a.c.c.C.[Tomcat].[localhost].[/]       : Initializing Spring embedded WebApplicationContext
2020-07-05 20:29:34.588  INFO 96678 --- [restartedMain] o.s.web.context.ContextLoader            : Root WebApplicationContext: initialization completed in 296 ms
2020-07-05 20:29:34.664  INFO 96678 --- [restartedMain] o.s.s.concurrent.ThreadPoolTaskExecutor  : Initializing ExecutorService 'applicationTaskExecutor'
2020-07-05 20:29:34.761  INFO 96678 --- [restartedMain] o.s.b.d.a.OptionalLiveReloadServer       : LiveReload server is running on port 35729
2020-07-05 20:29:34.772  INFO 96678 --- [restartedMain] o.s.b.w.embedded.tomcat.TomcatWebServer  : Tomcat started on port(s): 8080 (http) with context path ''
2020-07-05 20:29:34.776  INFO 96678 --- [restartedMain] com.itranswarp.learnjava.Application     : Started Application in 0.514 seconds (JVM running for 30.172)
2020-07-05 20:29:34.778  INFO 96678 --- [restartedMain] .ConditionEvaluationDeltaLoggingListener : Condition evaluation unchanged
2020-07-05 20:29:39.614  INFO 96678 --- [Thread-160] o.s.s.concurrent.ThreadPoolTaskExecutor  : Shutting down ExecutorService 'applicationTaskExecutor'
2020-07-05 20:31:24.594  INFO 96886 --- [restartedMain] com.itranswarp.learnjava.Application     : Starting Application on huhongyundeMacBook-Pro-2.local with PID 96886 (/Users/huhongyun/PycharmProjects/KongFuOfArchitect/part3/java/liaoxuefengJavaTutorial/springBootDev/springboot-hello/target/classes started by huhongyun in /Users/huhongyun/PycharmProjects/KongFuOfArchitect/part3/java/liaoxuefengJavaTutorial/springBootDev/springboot-hello)
2020-07-05 20:31:24.596  INFO 96886 --- [restartedMain] com.itranswarp.learnjava.Application     : The following profiles are active: @spring.profiles.active@
2020-07-05 20:31:24.621  INFO 96886 --- [restartedMain] .e.DevToolsPropertyDefaultsPostProcessor : Devtools property defaults active! Set 'spring.devtools.add-properties' to 'false' to disable
2020-07-05 20:31:24.621  INFO 96886 --- [restartedMain] .e.DevToolsPropertyDefaultsPostProcessor : For additional web related logging consider setting the 'logging.level.web' property to 'DEBUG'
2020-07-05 20:31:25.278  INFO 96886 --- [restartedMain] o.s.b.w.embedded.tomcat.TomcatWebServer  : Tomcat initialized with port(s): 8080 (http)
2020-07-05 20:31:25.285  INFO 96886 --- [restartedMain] o.apache.catalina.core.StandardService   : Starting service [Tomcat]
2020-07-05 20:31:25.285  INFO 96886 --- [restartedMain] org.apache.catalina.core.StandardEngine  : Starting Servlet engine: [Apache Tomcat/9.0.35]
2020-07-05 20:31:25.465  INFO 96886 --- [restartedMain] o.a.c.c.C.[Tomcat].[localhost].[/]       : Initializing Spring embedded WebApplicationContext
2020-07-05 20:31:25.465  INFO 96886 --- [restartedMain] o.s.web.context.ContextLoader            : Root WebApplicationContext: initialization completed in 844 ms
2020-07-05 20:31:25.576  INFO 96886 --- [restartedMain] o.s.s.concurrent.ThreadPoolTaskExecutor  : Initializing ExecutorService 'applicationTaskExecutor'
2020-07-05 20:31:25.750  INFO 96886 --- [restartedMain] o.s.b.d.a.OptionalLiveReloadServer       : LiveReload server is running on port 35729
2020-07-05 20:31:25.778  INFO 96886 --- [restartedMain] o.s.b.w.embedded.tomcat.TomcatWebServer  : Tomcat started on port(s): 8080 (http) with context path ''
2020-07-05 20:31:25.787  INFO 96886 --- [restartedMain] com.itranswarp.learnjava.Application     : Started Application in 1.419 seconds (JVM running for 2.04)
2020-07-05 20:34:05.444  INFO 96886 --- [Thread-157] o.s.s.concurrent.ThreadPoolTaskExecutor  : Shutting down ExecutorService 'applicationTaskExecutor'
2020-07-05 20:34:05.509  INFO 96886 --- [restartedMain] com.itranswarp.learnjava.Application     : Starting Application on huhongyundeMacBook-Pro-2.local with PID 96886 (/Users/huhongyun/PycharmProjects/KongFuOfArchitect/part3/java/liaoxuefengJavaTutorial/springBootDev/springboot-hello/target/classes started by huhongyun in /Users/huhongyun/PycharmProjects/KongFuOfArchitect/part3/java/liaoxuefengJavaTutorial/springBootDev/springboot-hello)
2020-07-05 20:34:05.509  INFO 96886 --- [restartedMain] com.itranswarp.learnjava.Application     : The following profiles are active: @spring.profiles.active@
2020-07-05 20:34:05.738  INFO 96886 --- [restartedMain] o.s.b.w.embedded.tomcat.TomcatWebServer  : Tomcat initialized with port(s): 8080 (http)
2020-07-05 20:34:05.739  INFO 96886 --- [restartedMain] o.apache.catalina.core.StandardService   : Starting service [Tomcat]
2020-07-05 20:34:05.739  INFO 96886 --- [restartedMain] org.apache.catalina.core.StandardEngine  : Starting Servlet engine: [Apache Tomcat/9.0.35]
2020-07-05 20:34:05.752  INFO 96886 --- [restartedMain] o.a.c.c.C.[Tomcat].[localhost].[/]       : Initializing Spring embedded WebApplicationContext
2020-07-05 20:34:05.752  INFO 96886 --- [restartedMain] o.s.web.context.ContextLoader            : Root WebApplicationContext: initialization completed in 241 ms
2020-07-05 20:34:05.820  INFO 96886 --- [restartedMain] o.s.s.concurrent.ThreadPoolTaskExecutor  : Initializing ExecutorService 'applicationTaskExecutor'
2020-07-05 20:34:05.917  INFO 96886 --- [restartedMain] o.s.b.d.a.OptionalLiveReloadServer       : LiveReload server is running on port 35729
2020-07-05 20:34:05.931  INFO 96886 --- [restartedMain] o.s.b.w.embedded.tomcat.TomcatWebServer  : Tomcat started on port(s): 8080 (http) with context path ''
2020-07-05 20:34:05.936  INFO 96886 --- [restartedMain] com.itranswarp.learnjava.Application     : Started Application in 0.463 seconds (JVM running for 162.19)
2020-07-05 20:34:05.938  INFO 96886 --- [restartedMain] .ConditionEvaluationDeltaLoggingListener : Condition evaluation unchanged
2020-07-05 20:34:38.362  INFO 96886 --- [http-nio-8080-exec-1] o.a.c.c.C.[Tomcat].[localhost].[/]       : Initializing Spring DispatcherServlet 'dispatcherServlet'
2020-07-05 20:34:38.363  INFO 96886 --- [http-nio-8080-exec-1] o.s.web.servlet.DispatcherServlet        : Initializing Servlet 'dispatcherServlet'
2020-07-05 20:34:38.366  INFO 96886 --- [http-nio-8080-exec-1] o.s.web.servlet.DispatcherServlet        : Completed initialization in 3 ms
2020-07-05 20:35:35.858  INFO 96886 --- [Thread-160] o.s.s.concurrent.ThreadPoolTaskExecutor  : Shutting down ExecutorService 'applicationTaskExecutor'
2020-07-05 20:35:35.939  INFO 96886 --- [restartedMain] com.itranswarp.learnjava.Application     : Starting Application on huhongyundeMacBook-Pro-2.local with PID 96886 (/Users/huhongyun/PycharmProjects/KongFuOfArchitect/part3/java/liaoxuefengJavaTutorial/springBootDev/springboot-hello/target/classes started by huhongyun in /Users/huhongyun/PycharmProjects/KongFuOfArchitect/part3/java/liaoxuefengJavaTutorial/springBootDev/springboot-hello)
2020-07-05 20:35:35.940  INFO 96886 --- [restartedMain] com.itranswarp.learnjava.Application     : The following profiles are active: @spring.profiles.active@
2020-07-05 20:35:36.134  INFO 96886 --- [restartedMain] o.s.b.w.embedded.tomcat.TomcatWebServer  : Tomcat initialized with port(s): 8080 (http)
2020-07-05 20:35:36.135  INFO 96886 --- [restartedMain] o.apache.catalina.core.StandardService   : Starting service [Tomcat]
2020-07-05 20:35:36.136  INFO 96886 --- [restartedMain] org.apache.catalina.core.StandardEngine  : Starting Servlet engine: [Apache Tomcat/9.0.35]
2020-07-05 20:35:36.148  INFO 96886 --- [restartedMain] o.a.c.c.C.[Tomcat].[localhost].[/]       : Initializing Spring embedded WebApplicationContext
2020-07-05 20:35:36.149  INFO 96886 --- [restartedMain] o.s.web.context.ContextLoader            : Root WebApplicationContext: initialization completed in 207 ms
2020-07-05 20:35:36.211  INFO 96886 --- [restartedMain] o.s.s.concurrent.ThreadPoolTaskExecutor  : Initializing ExecutorService 'applicationTaskExecutor'
2020-07-05 20:35:36.304  INFO 96886 --- [restartedMain] o.s.b.d.a.OptionalLiveReloadServer       : LiveReload server is running on port 35729
2020-07-05 20:35:36.321  INFO 96886 --- [restartedMain] o.s.b.w.embedded.tomcat.TomcatWebServer  : Tomcat started on port(s): 8080 (http) with context path ''
2020-07-05 20:35:36.326  INFO 96886 --- [restartedMain] com.itranswarp.learnjava.Application     : Started Application in 0.416 seconds (JVM running for 252.58)
2020-07-05 20:35:36.327  INFO 96886 --- [restartedMain] .ConditionEvaluationDeltaLoggingListener : Condition evaluation unchanged
2020-07-05 20:37:23.367  INFO 96886 --- [Thread-317] o.s.s.concurrent.ThreadPoolTaskExecutor  : Shutting down ExecutorService 'applicationTaskExecutor'
2020-07-05 20:37:23.422  INFO 96886 --- [restartedMain] com.itranswarp.learnjava.Application     : Starting Application on huhongyundeMacBook-Pro-2.local with PID 96886 (/Users/huhongyun/PycharmProjects/KongFuOfArchitect/part3/java/liaoxuefengJavaTutorial/springBootDev/springboot-hello/target/classes started by huhongyun in /Users/huhongyun/PycharmProjects/KongFuOfArchitect/part3/java/liaoxuefengJavaTutorial/springBootDev/springboot-hello)
2020-07-05 20:37:23.422  INFO 96886 --- [restartedMain] com.itranswarp.learnjava.Application     : The following profiles are active: @spring.profiles.active@
2020-07-05 20:37:23.571  INFO 96886 --- [restartedMain] o.s.b.w.embedded.tomcat.TomcatWebServer  : Tomcat initialized with port(s): 8080 (http)
2020-07-05 20:37:23.572  INFO 96886 --- [restartedMain] o.apache.catalina.core.StandardService   : Starting service [Tomcat]
2020-07-05 20:37:23.572  INFO 96886 --- [restartedMain] org.apache.catalina.core.StandardEngine  : Starting Servlet engine: [Apache Tomcat/9.0.35]
2020-07-05 20:37:23.580  INFO 96886 --- [restartedMain] o.a.c.c.C.[Tomcat].[localhost].[/]       : Initializing Spring embedded WebApplicationContext
2020-07-05 20:37:23.581  INFO 96886 --- [restartedMain] o.s.web.context.ContextLoader            : Root WebApplicationContext: initialization completed in 158 ms
2020-07-05 20:37:23.622  INFO 96886 --- [restartedMain] o.s.s.concurrent.ThreadPoolTaskExecutor  : Initializing ExecutorService 'applicationTaskExecutor'
2020-07-05 20:37:23.675  INFO 96886 --- [restartedMain] o.s.b.d.a.OptionalLiveReloadServer       : LiveReload server is running on port 35729
2020-07-05 20:37:23.684  INFO 96886 --- [restartedMain] o.s.b.w.embedded.tomcat.TomcatWebServer  : Tomcat started on port(s): 8080 (http) with context path ''
2020-07-05 20:37:23.686  INFO 96886 --- [restartedMain] com.itranswarp.learnjava.Application     : Started Application in 0.285 seconds (JVM running for 359.936)
2020-07-05 20:37:23.687  INFO 96886 --- [restartedMain] .ConditionEvaluationDeltaLoggingListener : Condition evaluation unchanged
2020-07-05 20:37:40.046  INFO 96886 --- [http-nio-8080-exec-1] o.a.c.c.C.[Tomcat].[localhost].[/]       : Initializing Spring DispatcherServlet 'dispatcherServlet'
2020-07-05 20:37:40.046  INFO 96886 --- [http-nio-8080-exec-1] o.s.web.servlet.DispatcherServlet        : Initializing Servlet 'dispatcherServlet'
2020-07-05 20:37:40.048  INFO 96886 --- [http-nio-8080-exec-1] o.s.web.servlet.DispatcherServlet        : Completed initialization in 2 ms
2020-07-05 20:39:00.655  INFO 96886 --- [Thread-474] o.s.s.concurrent.ThreadPoolTaskExecutor  : Shutting down ExecutorService 'applicationTaskExecutor'
2020-07-05 20:39:00.715  INFO 96886 --- [restartedMain] com.itranswarp.learnjava.Application     : Starting Application on huhongyundeMacBook-Pro-2.local with PID 96886 (/Users/huhongyun/PycharmProjects/KongFuOfArchitect/part3/java/liaoxuefengJavaTutorial/springBootDev/springboot-hello/target/classes started by huhongyun in /Users/huhongyun/PycharmProjects/KongFuOfArchitect/part3/java/liaoxuefengJavaTutorial/springBootDev/springboot-hello)
2020-07-05 20:39:00.716  INFO 96886 --- [restartedMain] com.itranswarp.learnjava.Application     : The following profiles are active: @spring.profiles.active@
2020-07-05 20:39:00.846  INFO 96886 --- [restartedMain] o.s.b.w.embedded.tomcat.TomcatWebServer  : Tomcat initialized with port(s): 8080 (http)
2020-07-05 20:39:00.847  INFO 96886 --- [restartedMain] o.apache.catalina.core.StandardService   : Starting service [Tomcat]
2020-07-05 20:39:00.847  INFO 96886 --- [restartedMain] org.apache.catalina.core.StandardEngine  : Starting Servlet engine: [Apache Tomcat/9.0.35]
2020-07-05 20:39:00.854  INFO 96886 --- [restartedMain] o.a.c.c.C.[Tomcat].[localhost].[/]       : Initializing Spring embedded WebApplicationContext
2020-07-05 20:39:00.854  INFO 96886 --- [restartedMain] o.s.web.context.ContextLoader            : Root WebApplicationContext: initialization completed in 137 ms
2020-07-05 20:39:00.889  INFO 96886 --- [restartedMain] o.s.s.concurrent.ThreadPoolTaskExecutor  : Initializing ExecutorService 'applicationTaskExecutor'
2020-07-05 20:39:00.939  INFO 96886 --- [restartedMain] o.s.b.d.a.OptionalLiveReloadServer       : LiveReload server is running on port 35729
2020-07-05 20:39:00.946  INFO 96886 --- [restartedMain] o.s.b.w.embedded.tomcat.TomcatWebServer  : Tomcat started on port(s): 8080 (http) with context path ''
2020-07-05 20:39:00.949  INFO 96886 --- [restartedMain] com.itranswarp.learnjava.Application     : Started Application in 0.255 seconds (JVM running for 457.192)
2020-07-05 20:39:00.949  INFO 96886 --- [restartedMain] .ConditionEvaluationDeltaLoggingListener : Condition evaluation unchanged
2020-07-05 20:39:11.409  INFO 96886 --- [Thread-631] o.s.s.concurrent.ThreadPoolTaskExecutor  : Shutting down ExecutorService 'applicationTaskExecutor'
2020-07-05 20:39:11.469  INFO 96886 --- [restartedMain] com.itranswarp.learnjava.Application     : Starting Application on huhongyundeMacBook-Pro-2.local with PID 96886 (/Users/huhongyun/PycharmProjects/KongFuOfArchitect/part3/java/liaoxuefengJavaTutorial/springBootDev/springboot-hello/target/classes started by huhongyun in /Users/huhongyun/PycharmProjects/KongFuOfArchitect/part3/java/liaoxuefengJavaTutorial/springBootDev/springboot-hello)
2020-07-05 20:39:11.469  INFO 96886 --- [restartedMain] com.itranswarp.learnjava.Application     : The following profiles are active: @spring.profiles.active@
2020-07-05 20:39:11.607  INFO 96886 --- [restartedMain] o.s.b.w.embedded.tomcat.TomcatWebServer  : Tomcat initialized with port(s): 8080 (http)
2020-07-05 20:39:11.608  INFO 96886 --- [restartedMain] o.apache.catalina.core.StandardService   : Starting service [Tomcat]
2020-07-05 20:39:11.608  INFO 96886 --- [restartedMain] org.apache.catalina.core.StandardEngine  : Starting Servlet engine: [Apache Tomcat/9.0.35]
2020-07-05 20:39:11.616  INFO 96886 --- [restartedMain] o.a.c.c.C.[Tomcat].[localhost].[/]       : Initializing Spring embedded WebApplicationContext
2020-07-05 20:39:11.616  INFO 96886 --- [restartedMain] o.s.web.context.ContextLoader            : Root WebApplicationContext: initialization completed in 145 ms
2020-07-05 20:39:11.652  INFO 96886 --- [restartedMain] o.s.s.concurrent.ThreadPoolTaskExecutor  : Initializing ExecutorService 'applicationTaskExecutor'
2020-07-05 20:39:11.692  INFO 96886 --- [restartedMain] o.s.b.d.a.OptionalLiveReloadServer       : LiveReload server is running on port 35729
2020-07-05 20:39:11.698  INFO 96886 --- [restartedMain] o.s.b.w.embedded.tomcat.TomcatWebServer  : Tomcat started on port(s): 8080 (http) with context path ''
2020-07-05 20:39:11.701  INFO 96886 --- [restartedMain] com.itranswarp.learnjava.Application     : Started Application in 0.255 seconds (JVM running for 467.945)
2020-07-05 20:39:11.702  INFO 96886 --- [restartedMain] .ConditionEvaluationDeltaLoggingListener : Condition evaluation unchanged
2020-07-05 20:39:22.111  INFO 96886 --- [http-nio-8080-exec-1] o.a.c.c.C.[Tomcat].[localhost].[/]       : Initializing Spring DispatcherServlet 'dispatcherServlet'
2020-07-05 20:39:22.111  INFO 96886 --- [http-nio-8080-exec-1] o.s.web.servlet.DispatcherServlet        : Initializing Servlet 'dispatcherServlet'
2020-07-05 20:39:22.113  INFO 96886 --- [http-nio-8080-exec-1] o.s.web.servlet.DispatcherServlet        : Completed initialization in 1 ms
2020-07-05 20:39:57.381  INFO 96886 --- [Thread-788] o.s.s.concurrent.ThreadPoolTaskExecutor  : Shutting down ExecutorService 'applicationTaskExecutor'
2020-07-05 20:39:57.586  INFO 96886 --- [restartedMain] com.itranswarp.learnjava.Application     : Starting Application on huhongyundeMacBook-Pro-2.local with PID 96886 (/Users/huhongyun/PycharmProjects/KongFuOfArchitect/part3/java/liaoxuefengJavaTutorial/springBootDev/springboot-hello/target/classes started by huhongyun in /Users/huhongyun/PycharmProjects/KongFuOfArchitect/part3/java/liaoxuefengJavaTutorial/springBootDev/springboot-hello)
2020-07-05 20:39:57.586  INFO 96886 --- [restartedMain] com.itranswarp.learnjava.Application     : The following profiles are active: @spring.profiles.active@
2020-07-05 20:39:57.740  INFO 96886 --- [restartedMain] o.s.b.w.embedded.tomcat.TomcatWebServer  : Tomcat initialized with port(s): 8080 (http)
2020-07-05 20:39:57.741  INFO 96886 --- [restartedMain] o.apache.catalina.core.StandardService   : Starting service [Tomcat]
2020-07-05 20:39:57.741  INFO 96886 --- [restartedMain] org.apache.catalina.core.StandardEngine  : Starting Servlet engine: [Apache Tomcat/9.0.35]
2020-07-05 20:39:57.747  INFO 96886 --- [restartedMain] o.a.c.c.C.[Tomcat].[localhost].[/]       : Initializing Spring embedded WebApplicationContext
2020-07-05 20:39:57.747  INFO 96886 --- [restartedMain] o.s.web.context.ContextLoader            : Root WebApplicationContext: initialization completed in 159 ms
2020-07-05 20:39:57.781  INFO 96886 --- [restartedMain] o.s.s.concurrent.ThreadPoolTaskExecutor  : Initializing ExecutorService 'applicationTaskExecutor'
2020-07-05 20:39:57.829  INFO 96886 --- [restartedMain] o.s.b.d.a.OptionalLiveReloadServer       : LiveReload server is running on port 35729
2020-07-05 20:39:57.836  INFO 96886 --- [restartedMain] o.s.b.w.embedded.tomcat.TomcatWebServer  : Tomcat started on port(s): 8080 (http) with context path ''
2020-07-05 20:39:57.839  INFO 96886 --- [restartedMain] com.itranswarp.learnjava.Application     : Started Application in 0.423 seconds (JVM running for 514.083)
2020-07-05 20:39:57.840  INFO 96886 --- [restartedMain] .ConditionEvaluationDeltaLoggingListener : Condition evaluation unchanged
2020-07-05 20:40:00.601  INFO 96886 --- [SpringContextShutdownHook] o.s.s.concurrent.ThreadPoolTaskExecutor  : Shutting down ExecutorService 'applicationTaskExecutor'
2020-07-05 20:40:04.357  INFO 98030 --- [restartedMain] com.itranswarp.learnjava.Application     : Starting Application on huhongyundeMacBook-Pro-2.local with PID 98030 (/Users/huhongyun/PycharmProjects/KongFuOfArchitect/part3/java/liaoxuefengJavaTutorial/springBootDev/springboot-hello/target/classes started by huhongyun in /Users/huhongyun/PycharmProjects/KongFuOfArchitect/part3/java/liaoxuefengJavaTutorial/springBootDev/springboot-hello)
2020-07-05 20:40:04.358  INFO 98030 --- [restartedMain] com.itranswarp.learnjava.Application     : The following profiles are active: @spring.profiles.active@
2020-07-05 20:40:04.384  INFO 98030 --- [restartedMain] .e.DevToolsPropertyDefaultsPostProcessor : Devtools property defaults active! Set 'spring.devtools.add-properties' to 'false' to disable
2020-07-05 20:40:04.384  INFO 98030 --- [restartedMain] .e.DevToolsPropertyDefaultsPostProcessor : For additional web related logging consider setting the 'logging.level.web' property to 'DEBUG'
2020-07-05 20:40:05.229  INFO 98030 --- [restartedMain] o.s.b.w.embedded.tomcat.TomcatWebServer  : Tomcat initialized with port(s): 8080 (http)
2020-07-05 20:40:05.235  INFO 98030 --- [restartedMain] o.apache.catalina.core.StandardService   : Starting service [Tomcat]
2020-07-05 20:40:05.235  INFO 98030 --- [restartedMain] org.apache.catalina.core.StandardEngine  : Starting Servlet engine: [Apache Tomcat/9.0.35]
2020-07-05 20:40:05.407  INFO 98030 --- [restartedMain] o.a.c.c.C.[Tomcat].[localhost].[/]       : Initializing Spring embedded WebApplicationContext
2020-07-05 20:40:05.407  INFO 98030 --- [restartedMain] o.s.web.context.ContextLoader            : Root WebApplicationContext: initialization completed in 1023 ms
2020-07-05 20:40:05.621  INFO 98030 --- [restartedMain] o.s.s.concurrent.ThreadPoolTaskExecutor  : Initializing ExecutorService 'applicationTaskExecutor'
2020-07-05 20:40:05.914  INFO 98030 --- [restartedMain] o.s.b.d.a.OptionalLiveReloadServer       : LiveReload server is running on port 35729
2020-07-05 20:40:05.918  INFO 98030 --- [restartedMain] o.s.b.a.e.web.EndpointLinksResolver      : Exposing 5 endpoint(s) beneath base path '/actuator'
2020-07-05 20:40:05.958  INFO 98030 --- [restartedMain] o.s.b.w.embedded.tomcat.TomcatWebServer  : Tomcat started on port(s): 8080 (http) with context path ''
2020-07-05 20:40:05.971  INFO 98030 --- [restartedMain] com.itranswarp.learnjava.Application     : Started Application in 1.844 seconds (JVM running for 2.411)
2020-07-05 20:40:06.306  INFO 98030 --- [RMI TCP Connection(3)-127.94.0.1] o.a.c.c.C.[Tomcat].[localhost].[/]       : Initializing Spring DispatcherServlet 'dispatcherServlet'
2020-07-05 20:40:06.305  WARN 98030 --- [RMI TCP Connection(2)-127.94.0.1] com.zaxxer.hikari.HikariConfig           : HikariPool-1 - idleTimeout is close to or more than maxLifetime, disabling it.
2020-07-05 20:40:06.306  INFO 98030 --- [RMI TCP Connection(2)-127.94.0.1] com.zaxxer.hikari.HikariDataSource       : HikariPool-1 - Starting...
2020-07-05 20:40:06.306  INFO 98030 --- [RMI TCP Connection(3)-127.94.0.1] o.s.web.servlet.DispatcherServlet        : Initializing Servlet 'dispatcherServlet'
2020-07-05 20:40:06.311  INFO 98030 --- [RMI TCP Connection(3)-127.94.0.1] o.s.web.servlet.DispatcherServlet        : Completed initialization in 5 ms
2020-07-05 20:40:06.471  INFO 98030 --- [RMI TCP Connection(2)-127.94.0.1] hsqldb.db.HSQLDB731EFDA641.ENGINE        : Checkpoint start
2020-07-05 20:40:06.471  INFO 98030 --- [RMI TCP Connection(2)-127.94.0.1] hsqldb.db.HSQLDB731EFDA641.ENGINE        : checkpointClose start
2020-07-05 20:40:06.471  INFO 98030 --- [RMI TCP Connection(2)-127.94.0.1] hsqldb.db.HSQLDB731EFDA641.ENGINE        : checkpointClose synched
2020-07-05 20:40:06.472  INFO 98030 --- [RMI TCP Connection(2)-127.94.0.1] hsqldb.db.HSQLDB731EFDA641.ENGINE        : checkpointClose script done
2020-07-05 20:40:06.474  INFO 98030 --- [RMI TCP Connection(2)-127.94.0.1] hsqldb.db.HSQLDB731EFDA641.ENGINE        : checkpointClose end
2020-07-05 20:40:06.475  INFO 98030 --- [RMI TCP Connection(2)-127.94.0.1] hsqldb.db.HSQLDB731EFDA641.ENGINE        : Checkpoint end - txts: 1
2020-07-05 20:40:06.479  INFO 98030 --- [RMI TCP Connection(2)-127.94.0.1] com.zaxxer.hikari.pool.PoolBase          : HikariPool-1 - Driver does not support get/set network timeout for connections. (feature not supported)
2020-07-05 20:40:06.482  INFO 98030 --- [RMI TCP Connection(2)-127.94.0.1] com.zaxxer.hikari.HikariDataSource       : HikariPool-1 - Start completed.
2020-07-05 20:47:16.057  INFO 98030 --- [SpringContextShutdownHook] com.zaxxer.hikari.HikariDataSource       : HikariPool-1 - Shutdown initiated...
2020-07-05 20:47:16.058  INFO 98030 --- [SpringContextShutdownHook] com.zaxxer.hikari.HikariDataSource       : HikariPool-1 - Shutdown completed.
2020-07-05 20:47:16.058  INFO 98030 --- [SpringContextShutdownHook] o.s.s.concurrent.ThreadPoolTaskExecutor  : Shutting down ExecutorService 'applicationTaskExecutor'
2020-07-05 20:47:18.589  INFO 98551 --- [restartedMain] com.itranswarp.learnjava.Application     : Starting Application on huhongyundeMacBook-Pro-2.local with PID 98551 (/Users/huhongyun/PycharmProjects/KongFuOfArchitect/part3/java/liaoxuefengJavaTutorial/springBootDev/springboot-hello/target/classes started by huhongyun in /Users/huhongyun/PycharmProjects/KongFuOfArchitect/part3/java/liaoxuefengJavaTutorial/springBootDev/springboot-hello)
2020-07-05 20:47:18.590  INFO 98551 --- [restartedMain] com.itranswarp.learnjava.Application     : The following profiles are active: @spring.profiles.active@
2020-07-05 20:47:18.610  INFO 98551 --- [restartedMain] .e.DevToolsPropertyDefaultsPostProcessor : Devtools property defaults active! Set 'spring.devtools.add-properties' to 'false' to disable
2020-07-05 20:47:18.611  INFO 98551 --- [restartedMain] .e.DevToolsPropertyDefaultsPostProcessor : For additional web related logging consider setting the 'logging.level.web' property to 'DEBUG'
2020-07-05 20:47:19.419  INFO 98551 --- [restartedMain] o.s.b.w.embedded.tomcat.TomcatWebServer  : Tomcat initialized with port(s): 8080 (http)
2020-07-05 20:47:19.425  INFO 98551 --- [restartedMain] o.apache.catalina.core.StandardService   : Starting service [Tomcat]
2020-07-05 20:47:19.425  INFO 98551 --- [restartedMain] org.apache.catalina.core.StandardEngine  : Starting Servlet engine: [Apache Tomcat/9.0.35]
2020-07-05 20:47:19.594  INFO 98551 --- [restartedMain] o.a.c.c.C.[Tomcat].[localhost].[/]       : Initializing Spring embedded WebApplicationContext
2020-07-05 20:47:19.594  INFO 98551 --- [restartedMain] o.s.web.context.ContextLoader            : Root WebApplicationContext: initialization completed in 983 ms
2020-07-05 20:47:19.781  INFO 98551 --- [restartedMain] o.s.s.concurrent.ThreadPoolTaskExecutor  : Initializing ExecutorService 'applicationTaskExecutor'
2020-07-05 20:47:20.063  INFO 98551 --- [restartedMain] o.s.b.d.a.OptionalLiveReloadServer       : LiveReload server is running on port 35729
2020-07-05 20:47:20.065  INFO 98551 --- [restartedMain] o.s.b.a.e.web.EndpointLinksResolver      : Exposing 2 endpoint(s) beneath base path '/actuator'
2020-07-05 20:47:20.099  INFO 98551 --- [restartedMain] o.s.b.w.embedded.tomcat.TomcatWebServer  : Tomcat started on port(s): 8080 (http) with context path ''
2020-07-05 20:47:20.111  INFO 98551 --- [restartedMain] com.itranswarp.learnjava.Application     : Started Application in 1.738 seconds (JVM running for 2.437)
2020-07-05 20:47:20.411  INFO 98551 --- [RMI TCP Connection(2)-127.94.0.1] o.a.c.c.C.[Tomcat].[localhost].[/]       : Initializing Spring DispatcherServlet 'dispatcherServlet'
2020-07-05 20:47:20.411  WARN 98551 --- [RMI TCP Connection(1)-127.94.0.1] com.zaxxer.hikari.HikariConfig           : HikariPool-1 - idleTimeout is close to or more than maxLifetime, disabling it.
2020-07-05 20:47:20.412  INFO 98551 --- [RMI TCP Connection(1)-127.94.0.1] com.zaxxer.hikari.HikariDataSource       : HikariPool-1 - Starting...
2020-07-05 20:47:20.412  INFO 98551 --- [RMI TCP Connection(2)-127.94.0.1] o.s.web.servlet.DispatcherServlet        : Initializing Servlet 'dispatcherServlet'
2020-07-05 20:47:20.416  INFO 98551 --- [RMI TCP Connection(2)-127.94.0.1] o.s.web.servlet.DispatcherServlet        : Completed initialization in 4 ms
2020-07-05 20:47:20.568  INFO 98551 --- [RMI TCP Connection(1)-127.94.0.1] hsqldb.db.HSQLDB731EFDA641.ENGINE        : checkpointClose start
2020-07-05 20:47:20.569  INFO 98551 --- [RMI TCP Connection(1)-127.94.0.1] hsqldb.db.HSQLDB731EFDA641.ENGINE        : checkpointClose synched
2020-07-05 20:47:20.572  INFO 98551 --- [RMI TCP Connection(1)-127.94.0.1] hsqldb.db.HSQLDB731EFDA641.ENGINE        : checkpointClose script done
2020-07-05 20:47:20.575  INFO 98551 --- [RMI TCP Connection(1)-127.94.0.1] hsqldb.db.HSQLDB731EFDA641.ENGINE        : checkpointClose end
2020-07-05 20:47:20.578  INFO 98551 --- [RMI TCP Connection(1)-127.94.0.1] com.zaxxer.hikari.pool.PoolBase          : HikariPool-1 - Driver does not support get/set network timeout for connections. (feature not supported)
2020-07-05 20:47:20.582  INFO 98551 --- [RMI TCP Connection(1)-127.94.0.1] com.zaxxer.hikari.HikariDataSource       : HikariPool-1 - Start completed.
2020-07-05 20:47:24.387  INFO 98551 --- [SpringContextShutdownHook] com.zaxxer.hikari.HikariDataSource       : HikariPool-1 - Shutdown initiated...
2020-07-05 20:47:24.390  INFO 98551 --- [SpringContextShutdownHook] com.zaxxer.hikari.HikariDataSource       : HikariPool-1 - Shutdown completed.
2020-07-05 20:47:24.390  INFO 98551 --- [SpringContextShutdownHook] o.s.s.concurrent.ThreadPoolTaskExecutor  : Shutting down ExecutorService 'applicationTaskExecutor'
